#
# An unexpected error has been detected by Java Runtime Environment:
#
#  EXCEPTION_ACCESS_VIOLATION (0xc0000005) at pc=0x7c911760, pid=3572, tid=2052
#
# Java VM: Java HotSpot(TM) Client VM (1.6.0-b105 mixed mode)
# Problematic frame:
# C  [ntdll.dll+0x11760]
#
# If you would like to submit a bug report, please visit:
#   http://java.sun.com/webapps/bugreport/crash.jsp
#

---------------  T H R E A D  ---------------

Current thread (0x0842f000):  JavaThread "AWT-EventQueue-0" [_thread_in_native, id=2052]

siginfo: ExceptionCode=0xc0000005, reading address 0x00000067

Registers:
EAX=0x00050100, EBX=0x00050000, ECX=0x000b2820, EDX=0x00000067
ESP=0x08eaf4b0, EBP=0x08eaf6d0, ESI=0x000b2818, EDI=0x00050190
EIP=0x7c911760, EFLAGS=0x00010216

Top of Stack: (sp=0x08eaf4b0)
0x08eaf4b0:   0842f000 00000010 00000000 083a0f40
0x08eaf4c0:   0842d330 0842f0e8 088a1350 0000043a
0x08eaf4d0:   00000000 00000000 088a2368 00000000
0x08eaf4e0:   00000000 00000000 00000000 00000000
0x08eaf4f0:   00000000 00000000 00000000 00000000
0x08eaf500:   00000000 00000000 00000000 00000000
0x08eaf510:   00000000 00000000 00050190 00000000
0x08eaf520:   00000000 083a0f40 195094b2 78f0b584 

Instructions: (pc=0x7c911760)
0x7c911750:   39 89 bd 48 fe ff ff 8b 56 0c 89 95 78 ff ff ff
0x7c911760:   8b 12 3b 57 04 0f 85 3b 53 02 00 3b d1 0f 85 33 


Stack: [0x08e30000,0x08eb0000),  sp=0x08eaf4b0,  free space=509k
Native frames: (J=compiled Java code, j=interpreted, Vv=VM code, C=native code)
C  [ntdll.dll+0x11760]
C  [ole32.dll+0x1d03b]
C  [OLEAUT32.dll+0x4b32]
C  [OLEAUT32.dll+0x4b6a]
C  0x7b233a08
C  0x7b2351b8
C  0x7b29bfe4
j  com.webrenderer.windows.NativeBrowserCanvas.getURLNative()Ljava/lang/String;+0
j  com.webrenderer.windows.NativeBrowserCanvas.getURL()Ljava/lang/String;+3
j  com.mathworks.mlwidgets.html.WebRenderer.getCurrentLocation()Ljava/lang/String;+13
j  com.mathworks.mlwidgets.html.HTMLRenderer.enableEventsMethod(Z)V+6
j  com.mathworks.mlwidgets.html.HTMLRenderer.enableDisableEvents(Z)V+8
j  com.mathworks.mlwidgets.html.WebRenderer.enableDisableEvents(Z)V+5
j  com.mathworks.mlwidgets.html.WebRenderer.access$4000(Lcom/mathworks/mlwidgets/html/WebRenderer;Z)V+2
j  com.mathworks.mlwidgets.html.WebRenderer$MyNetworkListener.onDocumentComplete(Lcom/webrenderer/event/NetworkEvent;)V+326
j  com.webrenderer.windows.NetworkManager$DocumentStop.propogate(Ljava/util/EventListener;Ljava/util/EventObject;)V+8
j  com.webrenderer.windows.bf.propogate(Lcom/webrenderer/windows/bo;Ljava/util/EventObject;)V+60
j  com.webrenderer.windows.NativeBrowserCanvas.networkDocumentStopPropogator(Lcom/webrenderer/event/NetworkEvent;)V+21
j  com.webrenderer.windows.l.propogate()V+33
j  com.webrenderer.windows.h.run()V+1
J  java.awt.event.InvocationEvent.dispatch()V
J  java.awt.EventQueue.dispatchEvent(Ljava/awt/AWTEvent;)V
J  java.awt.EventDispatchThread.pumpOneEventForFilters(I)Z
J  java.awt.EventDispatchThread.pumpEventsForFilter(ILjava/awt/Conditional;Ljava/awt/EventFilter;)V
j  java.awt.EventDispatchThread.pumpEventsForHierarchy(ILjava/awt/Conditional;Ljava/awt/Component;)V+11
j  java.awt.EventDispatchThread.pumpEvents(ILjava/awt/Conditional;)V+4
j  java.awt.EventDispatchThread.pumpEvents(Ljava/awt/Conditional;)V+3
j  java.awt.EventDispatchThread.run()V+9
v  ~StubRoutines::call_stub

Java frames: (J=compiled Java code, j=interpreted, Vv=VM code)
j  com.webrenderer.windows.NativeBrowserCanvas.getURLNative()Ljava/lang/String;+0
j  com.webrenderer.windows.NativeBrowserCanvas.getURL()Ljava/lang/String;+3
j  com.mathworks.mlwidgets.html.WebRenderer.getCurrentLocation()Ljava/lang/String;+13
j  com.mathworks.mlwidgets.html.HTMLRenderer.enableEventsMethod(Z)V+6
j  com.mathworks.mlwidgets.html.HTMLRenderer.enableDisableEvents(Z)V+8
j  com.mathworks.mlwidgets.html.WebRenderer.enableDisableEvents(Z)V+5
j  com.mathworks.mlwidgets.html.WebRenderer.access$4000(Lcom/mathworks/mlwidgets/html/WebRenderer;Z)V+2
j  com.mathworks.mlwidgets.html.WebRenderer$MyNetworkListener.onDocumentComplete(Lcom/webrenderer/event/NetworkEvent;)V+326
j  com.webrenderer.windows.NetworkManager$DocumentStop.propogate(Ljava/util/EventListener;Ljava/util/EventObject;)V+8
j  com.webrenderer.windows.bf.propogate(Lcom/webrenderer/windows/bo;Ljava/util/EventObject;)V+60
j  com.webrenderer.windows.NativeBrowserCanvas.networkDocumentStopPropogator(Lcom/webrenderer/event/NetworkEvent;)V+21
j  com.webrenderer.windows.l.propogate()V+33
j  com.webrenderer.windows.h.run()V+1
J  java.awt.event.InvocationEvent.dispatch()V
J  java.awt.EventQueue.dispatchEvent(Ljava/awt/AWTEvent;)V
J  java.awt.EventDispatchThread.pumpOneEventForFilters(I)Z
J  java.awt.EventDispatchThread.pumpEventsForFilter(ILjava/awt/Conditional;Ljava/awt/EventFilter;)V
j  java.awt.EventDispatchThread.pumpEventsForHierarchy(ILjava/awt/Conditional;Ljava/awt/Component;)V+11
j  java.awt.EventDispatchThread.pumpEvents(ILjava/awt/Conditional;)V+4
j  java.awt.EventDispatchThread.pumpEvents(Ljava/awt/Conditional;)V+3
j  java.awt.EventDispatchThread.run()V+9
v  ~StubRoutines::call_stub

---------------  P R O C E S S  ---------------

Java Threads: ( => current thread )
  0x089ee400 JavaThread "Thread-590" [_thread_in_native, id=4048]
  0x08873000 JavaThread "Image Fetcher 0" daemon [_thread_blocked, id=4044]
  0x08705800 JavaThread "Thread-589" [_thread_in_native, id=364]
  0x085aa400 JavaThread "Timer-6" [_thread_blocked, id=1328]
  0x085ab400 JavaThread "Prefs Updater" [_thread_blocked, id=3052]
  0x085a6000 JavaThread "Thread-270" [_thread_blocked, id=1580]
  0x07cb3000 JavaThread "Thread-9" [_thread_blocked, id=3952]
  0x07cf4800 JavaThread "Thread-8" [_thread_blocked, id=3904]
  0x07cc5800 JavaThread "Active Reference Queue Daemon" daemon [_thread_blocked, id=3108]
  0x084b1000 JavaThread "Timer-3" daemon [_thread_blocked, id=3688]
  0x07c21000 JavaThread "Timer-2" daemon [_thread_blocked, id=3068]
  0x06086800 JavaThread "TimerQueue" daemon [_thread_blocked, id=2952]
=>0x0842f000 JavaThread "AWT-EventQueue-0" [_thread_in_native, id=2052]
  0x0842e800 JavaThread "AWT-Shutdown" [_thread_blocked, id=2016]
  0x07b76400 JavaThread "Timer-0" [_thread_blocked, id=916]
  0x07b41c00 JavaThread "AWT-Windows" daemon [_thread_in_native, id=3664]
  0x07b2e400 JavaThread "Java2D Disposer" daemon [_thread_blocked, id=3656]
  0x06040800 JavaThread "Low Memory Detector" daemon [_thread_blocked, id=952]
  0x0603f000 JavaThread "CompilerThread0" daemon [_thread_blocked, id=1372]
  0x0603ac00 JavaThread "Attach Listener" daemon [_thread_blocked, id=1200]
  0x0602cc00 JavaThread "Finalizer" daemon [_thread_blocked, id=2272]
  0x06028800 JavaThread "Reference Handler" daemon [_thread_blocked, id=1464]
  0x03d5cc00 JavaThread "main" [_thread_in_native, id=3564]

Other Threads:
  0x06025400 VMThread [id=2244]
  0x06042400 WatcherThread [id=3660]

VM state:not at safepoint (normal execution)

VM Mutex/Monitor currently owned by a thread: None

Heap
 def new generation   total 19776K, used 8906K [0x10020000, 0x11590000, 0x12020000)
  eden space 17600K,  50% used [0x10020000, 0x108d2928, 0x11150000)
  from space 2176K,   0% used [0x11150000, 0x11150000, 0x11370000)
  to   space 2176K,   0% used [0x11370000, 0x11370000, 0x11590000)
 tenured generation   total 65660K, used 39393K [0x12020000, 0x1603f000, 0x18020000)
   the space 65660K,  59% used [0x12020000, 0x14698770, 0x14698800, 0x1603f000)
 compacting perm gen  total 32768K, used 29435K [0x18020000, 0x1a020000, 0x1c020000)
   the space 32768K,  89% used [0x18020000, 0x19cdee38, 0x19cdf000, 0x1a020000)
No shared spaces configured.

Dynamic libraries:
0x00400000 - 0x00536000 	C:\Program Files\MATLAB\bin\win32\MATLAB.exe
0x7c900000 - 0x7c9af000 	C:\WINDOWS\system32\ntdll.dll
0x7c800000 - 0x7c8f6000 	C:\WINDOWS\system32\kernel32.dll
0x7ac90000 - 0x7ad5b000 	C:\Program Files\MATLAB\bin\win32\libut.dll
0x76c90000 - 0x76cb8000 	C:\WINDOWS\system32\imagehlp.dll
0x77c10000 - 0x77c68000 	C:\WINDOWS\system32\msvcrt.dll
0x76bf0000 - 0x76bfb000 	C:\WINDOWS\system32\PSAPI.DLL
0x7b4d0000 - 0x7b4ef000 	C:\Program Files\MATLAB\bin\win32\LIBEXPAT.dll
0x78130000 - 0x781cb000 	C:\WINDOWS\WinSxS\x86_Microsoft.VC80.CRT_1fc8b3b9a1e18e3b_8.0.50727.1433_x-ww_5cf844d2\MSVCR80.dll
0x7b040000 - 0x7b117000 	C:\Program Files\MATLAB\bin\win32\icuuc36.dll
0x77dd0000 - 0x77e6b000 	C:\WINDOWS\system32\ADVAPI32.dll
0x77e70000 - 0x77f02000 	C:\WINDOWS\system32\RPCRT4.dll
0x77fe0000 - 0x77ff1000 	C:\WINDOWS\system32\Secur32.dll
0x7a820000 - 0x7a824000 	C:\Program Files\MATLAB\bin\win32\icudt36.dll
0x7a830000 - 0x7a83c000 	C:\Program Files\MATLAB\bin\win32\icuio36.dll
0x7aaf0000 - 0x7abb2000 	C:\Program Files\MATLAB\bin\win32\icuin36.dll
0x7c420000 - 0x7c4a7000 	C:\WINDOWS\WinSxS\x86_Microsoft.VC80.CRT_1fc8b3b9a1e18e3b_8.0.50727.1433_x-ww_5cf844d2\MSVCP80.dll
0x7e410000 - 0x7e4a0000 	C:\WINDOWS\system32\USER32.dll
0x77f10000 - 0x77f59000 	C:\WINDOWS\system32\GDI32.dll
0x7adc0000 - 0x7af93000 	C:\Program Files\MATLAB\bin\win32\libmwservices.dll
0x7ad60000 - 0x7adb2000 	C:\Program Files\MATLAB\bin\win32\libmx.dll
0x78680000 - 0x78692000 	C:\Program Files\MATLAB\bin\win32\zlib1.dll
0x7afa0000 - 0x7b036000 	C:\Program Files\MATLAB\bin\win32\libmwmathutil.dll
0x791b0000 - 0x791e3000 	C:\Program Files\MATLAB\bin\win32\mpath.dll
0x7b500000 - 0x7b515000 	C:\Program Files\MATLAB\bin\win32\mlutil.dll
0x002f0000 - 0x0039c000 	C:\WINDOWS\system32\COMCTL32.dll
0x763b0000 - 0x763f9000 	C:\WINDOWS\system32\comdlg32.dll
0x7c9c0000 - 0x7e24e000 	C:\WINDOWS\system32\SHELL32.dll
0x77f60000 - 0x77fd6000 	C:\WINDOWS\system32\SHLWAPI.dll
0x003a0000 - 0x003f5000 	C:\WINDOWS\system32\NETAPI32.dll
0x71ab0000 - 0x71ac7000 	C:\WINDOWS\system32\WS2_32.dll
0x71aa0000 - 0x71aa8000 	C:\WINDOWS\system32\WS2HELP.dll
0x79710000 - 0x79746000 	C:\Program Files\MATLAB\bin\win32\mcr.dll
0x7a840000 - 0x7a857000 	C:\Program Files\MATLAB\bin\win32\iqm.dll
0x78550000 - 0x7856a000 	C:\Program Files\MATLAB\bin\win32\bridge.dll
0x7a870000 - 0x7a87e000 	C:\Program Files\MATLAB\bin\win32\libmex.dll
0x795e0000 - 0x79638000 	C:\Program Files\MATLAB\bin\win32\m_dispatcher.dll
0x78570000 - 0x7858c000 	C:\Program Files\MATLAB\bin\win32\datasvcs.dll
0x78a30000 - 0x78bf2000 	C:\Program Files\MATLAB\bin\win32\xerces-c_2_7.dll
0x79c90000 - 0x7a1a0000 	C:\Program Files\MATLAB\bin\win32\m_interpreter.dll
0x78590000 - 0x785b1000 	C:\Program Files\MATLAB\bin\win32\libmat.dll
0x7abc0000 - 0x7ac85000 	C:\Program Files\MATLAB\bin\win32\libhdf5.dll
0x794f0000 - 0x79539000 	C:\Program Files\MATLAB\bin\win32\profiler.dll
0x7a8d0000 - 0x7a8d9000 	C:\Program Files\MATLAB\bin\win32\libmwmathrng.dll
0x78600000 - 0x78612000 	C:\Program Files\MATLAB\bin\win32\m_pcodeio.dll
0x79170000 - 0x791a4000 	C:\Program Files\MATLAB\bin\win32\m_ir.dll
0x797c0000 - 0x79c8b000 	C:\Program Files\MATLAB\bin\win32\m_parser.dll
0x7a860000 - 0x7a86d000 	C:\Program Files\MATLAB\bin\win32\ir_xfmr.dll
0x782e0000 - 0x78411000 	C:\Program Files\MATLAB\bin\win32\mcos.dll
0x7a900000 - 0x7a90a000 	C:\Program Files\MATLAB\bin\win32\mtok.dll
0x785e0000 - 0x785f6000 	C:\Program Files\MATLAB\bin\win32\m_pcodegen.dll
0x7a810000 - 0x7a81d000 	C:\Program Files\MATLAB\bin\win32\boost_thread-vc80-mt-1_34_1.dll
0x7a6e0000 - 0x7a764000 	C:\Program Files\MATLAB\bin\win32\udd.dll
0x7b120000 - 0x7b20d000 	C:\Program Files\MATLAB\bin\win32\libmwgui.dll
0x786e0000 - 0x78860000 	C:\Program Files\MATLAB\bin\win32\hg.dll
0x790b0000 - 0x790ea000 	C:\Program Files\MATLAB\bin\win32\jmi.dll
0x78dd0000 - 0x78dfa000 	C:\Program Files\MATLAB\bin\win32\libmwhardcopy.dll
0x79130000 - 0x79169000 	C:\Program Files\MATLAB\bin\win32\libuij.dll
0x78860000 - 0x78a22000 	C:\Program Files\MATLAB\bin\win32\numerics.dll
0x7a8a0000 - 0x7a8aa000 	C:\Program Files\MATLAB\bin\win32\libmwblas.dll
0x7a890000 - 0x7a89c000 	C:\Program Files\MATLAB\bin\win32\libmwbinder.dll
0x785c0000 - 0x785df000 	C:\Program Files\MATLAB\bin\win32\libmwlapack.dll
0x7b4f0000 - 0x7b4f8000 	C:\Program Files\MATLAB\bin\win32\libmwfftw.dll
0x7b520000 - 0x7b54a000 	C:\Program Files\MATLAB\bin\win32\libmwrookfastbp.dll
0x78e00000 - 0x78e27000 	C:\Program Files\MATLAB\bin\win32\libmwma57.dll
0x7aa40000 - 0x7aaeb000 	C:\Program Files\MATLAB\bin\win32\libifcoremd.dll
0x791f0000 - 0x7949f000 	C:\Program Files\MATLAB\bin\win32\libmmd.dll
0x7a8c0000 - 0x7a8c8000 	C:\Program Files\MATLAB\bin\win32\libmwcsparse.dll
0x796a0000 - 0x79707000 	C:\Program Files\MATLAB\bin\win32\libmwumfpack.dll
0x7a880000 - 0x7a888000 	C:\Program Files\MATLAB\bin\win32\libmwamd.dll
0x79540000 - 0x79593000 	C:\Program Files\MATLAB\bin\win32\libmwcholmod.dll
0x7a8b0000 - 0x7a8b8000 	C:\Program Files\MATLAB\bin\win32\libmwcolamd.dll
0x7a770000 - 0x7a804000 	C:\Program Files\MATLAB\bin\win32\uiw.dll
0x7a940000 - 0x7a949000 	C:\Program Files\MATLAB\bin\win32\uinone.dll
0x781d0000 - 0x782df000 	C:\WINDOWS\WinSxS\x86_Microsoft.VC80.MFC_1fc8b3b9a1e18e3b_8.0.50727.762_x-ww_3bf8fa05\MFC80.DLL
0x73000000 - 0x73026000 	C:\WINDOWS\system32\WINSPOOL.DRV
0x774e0000 - 0x7761d000 	C:\WINDOWS\system32\ole32.dll
0x77120000 - 0x771ab000 	C:\WINDOWS\system32\OLEAUT32.dll
0x79750000 - 0x797b2000 	C:\Program Files\MATLAB\bin\win32\udd_mi.dll
0x78620000 - 0x78632000 	C:\Program Files\MATLAB\bin\win32\mwoles05.DLL
0x794a0000 - 0x794e3000 	C:\Program Files\MATLAB\bin\win32\comcli.dll
0x7c630000 - 0x7c64b000 	C:\WINDOWS\WinSxS\x86_Microsoft.VC80.ATL_1fc8b3b9a1e18e3b_8.0.50727.762_x-ww_cbb27474\ATL80.DLL
0x7a8f0000 - 0x7a8fb000 	C:\Program Files\MATLAB\bin\win32\mlautoregister.dll
0x76390000 - 0x763ad000 	C:\WINDOWS\system32\IMM32.DLL
0x773d0000 - 0x774d3000 	C:\WINDOWS\WinSxS\x86_Microsoft.Windows.Common-Controls_6595b64144ccf1df_6.0.2600.5512_x-ww_35d4ce83\comctl32.dll
0x7b7f0000 - 0x7c0b2000 	C:\Program Files\MATLAB\bin\win32\mkl.dll
0x790f0000 - 0x7912e000 	C:\Program Files\MATLAB\bin\win32\libguide40.dll
0x7b210000 - 0x7b216000 	C:\Program Files\MATLAB\bin\win32\mklcompat.dll
0x7a1a0000 - 0x7a650000 	C:\Program Files\MATLAB\bin\win32\mllapack.dll
0x7b700000 - 0x7b7e4000 	C:\Program Files\MATLAB\bin\win32\libfftw3i.dll
0x7a950000 - 0x7aa3f000 	C:\Program Files\MATLAB\bin\win32\libfftw3f.dll
0x02370000 - 0x0237e000 	C:\WINDOWS\WinSxS\x86_Microsoft.VC80.MFCLOC_1fc8b3b9a1e18e3b_8.0.50727.762_x-ww_91481303\MFC80ENU.DLL
0x023b0000 - 0x023e8000 	C:\WINDOWS\system32\uxtheme.dll
0x10000000 - 0x10012000 	C:\Program Files\RocketDock\RocketDock.dll
0x74720000 - 0x7476c000 	C:\WINDOWS\system32\MSCTF.dll
0x024a0000 - 0x024a6000 	C:\WINDOWS\System32\VttHooks.dll
0x755c0000 - 0x755ee000 	C:\WINDOWS\system32\msctfime.ime
0x76d60000 - 0x76d79000 	C:\WINDOWS\system32\iphlpapi.dll
0x74290000 - 0x74294000 	C:\WINDOWS\system32\icmp.Dll
0x78e60000 - 0x790a7000 	C:\Program Files\MATLAB\sys\java\jre\win32\jre1.6.0\bin\client\jvm.dll
0x76b40000 - 0x76b6d000 	C:\WINDOWS\system32\WINMM.dll
0x7c340000 - 0x7c396000 	C:\Program Files\MATLAB\bin\win32\MSVCR71.dll
0x03d60000 - 0x03d73000 	C:\WINDOWS\system32\btmmhook.dll
0x795a0000 - 0x795a8000 	C:\Program Files\MATLAB\sys\java\jre\win32\jre1.6.0\bin\hpi.dll
0x795c0000 - 0x795cc000 	C:\Program Files\MATLAB\sys\java\jre\win32\jre1.6.0\bin\verify.dll
0x786a0000 - 0x786bf000 	C:\Program Files\MATLAB\sys\java\jre\win32\jre1.6.0\bin\java.dll
0x795d0000 - 0x795df000 	C:\Program Files\MATLAB\sys\java\jre\win32\jre1.6.0\bin\zip.dll
0x78c00000 - 0x78dc3000 	C:\Program Files\MATLAB\sys\java\jre\win32\jre1.6.0\bin\awt.dll
0x78640000 - 0x78651000 	C:\Program Files\MATLAB\bin\win32\nativejava.dll
0x78660000 - 0x78671000 	C:\Program Files\MATLAB\bin\win32\nativejmi.dll
0x7a930000 - 0x7a936000 	C:\Program Files\MATLAB\bin\win32\nativeservices.dll
0x79640000 - 0x79693000 	C:\Program Files\MATLAB\sys\java\jre\win32\jre1.6.0\bin\fontmanager.dll
0x786c0000 - 0x786d3000 	C:\Program Files\MATLAB\sys\java\jre\win32\jre1.6.0\bin\net.dll
0x795b0000 - 0x795b9000 	C:\Program Files\MATLAB\sys\java\jre\win32\jre1.6.0\bin\nio.dll
0x7b550000 - 0x7b556000 	C:\Program Files\MATLAB\bin\win32\nativelmgr.dll
0x7b560000 - 0x7b6fd000 	C:\Program Files\MATLAB\bin\win32\instutil.dll
0x71a50000 - 0x71a8f000 	C:\WINDOWS\System32\mswsock.dll
0x76f20000 - 0x76f47000 	C:\WINDOWS\system32\DNSAPI.dll
0x76fb0000 - 0x76fb8000 	C:\WINDOWS\System32\winrnr.dll
0x76f60000 - 0x76f8c000 	C:\WINDOWS\system32\WLDAP32.dll
0x09820000 - 0x09839000 	C:\Program Files\Bonjour\mdnsNSP.dll
0x76fc0000 - 0x76fc6000 	C:\WINDOWS\system32\rasadhlp.dll
0x7a920000 - 0x7a926000 	C:\Program Files\MATLAB\bin\win32\nativelex.dll
0x7a910000 - 0x7a91c000 	C:\Program Files\MATLAB\bin\win32\nativecmdwin.dll
0x09870000 - 0x09877000 	C:\Program Files\MATLAB\bin\win32\nativemlint.dll
0x09890000 - 0x098d0000 	C:\Program Files\MATLAB\bin\win32\mlint.dll
0x78e30000 - 0x78e53000 	C:\Program Files\MATLAB\sys\java\jre\win32\jre1.6.0\bin\dcpr.dll
0x7e5a0000 - 0x7e65a000 	C:\WINDOWS\System32\spool\DRIVERS\W32X86\3\unidrvui.dll

VM Arguments:
jvm_args: -Xss512k -XX:PermSize=32M -Xms64m -XX:NewRatio=3 -XX:MaxPermSize=64M -Xmx128m -XX:MaxDirectMemorySize=1200000000 -Dsun.java2d.noddraw=true -Dsun.awt.nopixfmt=true -Xshare:off -Xrs -Djava.library.path=C:\Program Files\MATLAB\bin\win32 vfprintf abort
java_command: <unknown>
Launcher Type: generic

Environment Variables:

[error occurred during error reporting, step 220, id 0xc0000005]



---------------  S Y S T E M  ---------------

OS: Windows XP Build 2600 Service Pack 3

CPU:total 2 family 6, cmov, cx8, fxsr, mmx, sse, sse2

Memory: 4k page, physical 2086880k(1213456k free), swap 4025076k(3308560k free)

vm_info: Java HotSpot(TM) Client VM (1.6.0-b105) for windows-x86, built on Nov 29 2006 00:48:48 by "java_re" with unknown MS VC++:1310

